# JRE version: Java(TM) SE Runtime Environment (8.0_05-b13) (build 1.8.0_05-b13)
# Java VM: Java HotSpot(TM) 64-Bit Server VM (25.5-b02 mixed mode windows-amd64 compressed oops)
Heap:
 PSYoungGen      total 23040K, used 7521K [0x00000000f5600000, 0x00000000f7b00000, 0x0000000100000000)
  eden space 20480K, 29% used [0x00000000f5600000,0x00000000f5be3570,0x00000000f6a00000)
  from space 2560K, 58% used [0x00000000f6a00000,0x00000000f6b74f20,0x00000000f6c80000)
  to   space 2560K, 0% used [0x00000000f7880000,0x00000000f7880000,0x00000000f7b00000)
 ParOldGen       total 31232K, used 3804K [0x00000000e0200000, 0x00000000e2080000, 0x00000000f5600000)
  object space 31232K, 12% used [0x00000000e0200000,0x00000000e05b7228,0x00000000e2080000)
 Metaspace       used 12268K, capacity 12740K, committed 12928K, reserved 1060864K
  class space    used 1471K, capacity 1590K, committed 1664K, reserved 1048576K
GC Heap History (10 events):
Event: 3.325 GC heap before
{Heap before GC invocations=8 (full 0):
 PSYoungGen      total 5632K, used 5482K [0x00000000f5600000, 0x00000000f6200000, 0x0000000100000000)
  eden space 4096K, 100% used [0x00000000f5600000,0x00000000f5a00000,0x00000000f5a00000)
  from space 1536K, 90% used [0x00000000f5a00000,0x00000000f5b5a9e8,0x00000000f5b80000)
  to   space 2048K, 0% used [0x00000000f6000000,0x00000000f6000000,0x00000000f6200000)
 ParOldGen       total 31232K, used 1399K [0x00000000e0200000, 0x00000000e2080000, 0x00000000f5600000)
  object space 31232K, 4% used [0x00000000e0200000,0x00000000e035df60,0x00000000e2080000)
 Metaspace       used 6745K, capacity 6950K, committed 7040K, reserved 1056768K
  class space    used 752K, capacity 837K, committed 896K, reserved 1048576K
Event: 3.331 GC heap after
Heap after GC invocations=8 (full 0):
 PSYoungGen      total 10240K, used 1451K [0x00000000f5600000, 0x00000000f6200000, 0x0000000100000000)
  eden space 8192K, 0% used [0x00000000f5600000,0x00000000f5600000,0x00000000f5e00000)
  from space 2048K, 70% used [0x00000000f6000000,0x00000000f616ad28,0x00000000f6200000)
  to   space 2048K, 0% used [0x00000000f5e00000,0x00000000f5e00000,0x00000000f6000000)
 ParOldGen       total 31232K, used 1575K [0x00000000e0200000, 0x00000000e2080000, 0x00000000f5600000)
  object space 31232K, 5% used [0x00000000e0200000,0x00000000e0389fa0,0x00000000e2080000)
 Metaspace       used 6745K, capacity 6950K, committed 7040K, reserved 1056768K
  class space    used 752K, capacity 837K, committed 896K, reserved 1048576K
}
Event: 4.535 GC heap before
{Heap before GC invocations=9 (full 0):
 PSYoungGen      total 10240K, used 9643K [0x00000000f5600000, 0x00000000f6200000, 0x0000000100000000)
  eden space 8192K, 100% used [0x00000000f5600000,0x00000000f5e00000,0x00000000f5e00000)
  from space 2048K, 70% used [0x00000000f6000000,0x00000000f616ad28,0x00000000f6200000)
  to   space 2048K, 0% used [0x00000000f5e00000,0x00000000f5e00000,0x00000000f6000000)
 ParOldGen       total 31232K, used 1575K [0x00000000e0200000, 0x00000000e2080000, 0x00000000f5600000)
  object space 31232K, 5% used [0x00000000e0200000,0x00000000e0389fa0,0x00000000e2080000)
 Metaspace       used 8959K, capacity 9252K, committed 9344K, reserved 1056768K
  class space    used 1058K, capacity 1134K, committed 1152K, reserved 1048576K
Event: 4.543 GC heap after
Heap after GC invocations=9 (full 0):
 PSYoungGen      total 10240K, used 1824K [0x00000000f5600000, 0x00000000f6700000, 0x0000000100000000)
  eden space 8192K, 0% used [0x00000000f5600000,0x00000000f5600000,0x00000000f5e00000)
  from space 2048K, 89% used [0x00000000f5e00000,0x00000000f5fc83a0,0x00000000f6000000)
  to   space 2048K, 0% used [0x00000000f6500000,0x00000000f6500000,0x00000000f6700000)
 ParOldGen       total 31232K, used 1735K [0x00000000e0200000, 0x00000000e2080000, 0x00000000f5600000)
  object space 31232K, 5% used [0x00000000e0200000,0x00000000e03b1fb0,0x00000000e2080000)
 Metaspace       used 8959K, capacity 9252K, committed 9344K, reserved 1056768K
  class space    used 1058K, capacity 1134K, committed 1152K, reserved 1048576K
}
Event: 4.878 GC heap before
{Heap before GC invocations=10 (full 0):
 PSYoungGen      total 10240K, used 9984K [0x00000000f5600000, 0x00000000f6700000, 0x0000000100000000)
  eden space 8192K, 99% used [0x00000000f5600000,0x00000000f5df8050,0x00000000f5e00000)
  from space 2048K, 89% used [0x00000000f5e00000,0x00000000f5fc83a0,0x00000000f6000000)
  to   space 2048K, 0% used [0x00000000f6500000,0x00000000f6500000,0x00000000f6700000)
 ParOldGen       total 31232K, used 1735K [0x00000000e0200000, 0x00000000e2080000, 0x00000000f5600000)
  object space 31232K, 5% used [0x00000000e0200000,0x00000000e03b1fb0,0x00000000e2080000)
 Metaspace       used 9625K, capacity 9924K, committed 9984K, reserved 1058816K
  class space    used 1132K, capacity 1230K, committed 1280K, reserved 1048576K
Event: 4.886 GC heap after
Heap after GC invocations=10 (full 0):
 PSYoungGen      total 14848K, used 1484K [0x00000000f5600000, 0x00000000f6800000, 0x0000000100000000)
  eden space 12800K, 0% used [0x00000000f5600000,0x00000000f5600000,0x00000000f6280000)
  from space 2048K, 72% used [0x00000000f6500000,0x00000000f6673000,0x00000000f6700000)
  to   space 2560K, 0% used [0x00000000f6280000,0x00000000f6280000,0x00000000f6500000)
 ParOldGen       total 31232K, used 2523K [0x00000000e0200000, 0x00000000e2080000, 0x00000000f5600000)
  object space 31232K, 8% used [0x00000000e0200000,0x00000000e0476fe0,0x00000000e2080000)
 Metaspace       used 9625K, capacity 9924K, committed 9984K, reserved 1058816K
  class space    used 1132K, capacity 1230K, committed 1280K, reserved 1048576K
}
Event: 6.308 GC heap before
{Heap before GC invocations=11 (full 0):
 PSYoungGen      total 14848K, used 14284K [0x00000000f5600000, 0x00000000f6800000, 0x0000000100000000)
  eden space 12800K, 100% used [0x00000000f5600000,0x00000000f6280000,0x00000000f6280000)
  from space 2048K, 72% used [0x00000000f6500000,0x00000000f6673000,0x00000000f6700000)
  to   space 2560K, 0% used [0x00000000f6280000,0x00000000f6280000,0x00000000f6500000)
 ParOldGen       total 31232K, used 2523K [0x00000000e0200000, 0x00000000e2080000, 0x00000000f5600000)
  object space 31232K, 8% used [0x00000000e0200000,0x00000000e0476fe0,0x00000000e2080000)
 Metaspace       used 10424K, capacity 10926K, committed 11136K, reserved 1058816K
  class space    used 1227K, capacity 1357K, committed 1408K, reserved 1048576K
Event: 6.318 GC heap after
Heap after GC invocations=11 (full 0):
 PSYoungGen      total 15360K, used 1411K [0x00000000f5600000, 0x00000000f6f00000, 0x0000000100000000)
  eden space 12800K, 0% used [0x00000000f5600000,0x00000000f5600000,0x00000000f6280000)
  from space 2560K, 55% used [0x00000000f6280000,0x00000000f63e0f68,0x00000000f6500000)
  to   space 2560K, 0% used [0x00000000f6c80000,0x00000000f6c80000,0x00000000f6f00000)
 ParOldGen       total 31232K, used 2947K [0x00000000e0200000, 0x00000000e2080000, 0x00000000f5600000)
  object space 31232K, 9% used [0x00000000e0200000,0x00000000e04e0fe0,0x00000000e2080000)
 Metaspace       used 10424K, capacity 10926K, committed 11136K, reserved 1058816K
  class space    used 1227K, capacity 1357K, committed 1408K, reserved 1048576K
}
Event: 6.712 GC heap before
{Heap before GC invocations=12 (full 0):
 PSYoungGen      total 15360K, used 14211K [0x00000000f5600000, 0x00000000f6f00000, 0x0000000100000000)
  eden space 12800K, 100% used [0x00000000f5600000,0x00000000f6280000,0x00000000f6280000)
  from space 2560K, 55% used [0x00000000f6280000,0x00000000f63e0f68,0x00000000f6500000)
  to   space 2560K, 0% used [0x00000000f6c80000,0x00000000f6c80000,0x00000000f6f00000)
 ParOldGen       total 31232K, used 2947K [0x00000000e0200000, 0x00000000e2080000, 0x00000000f5600000)
  object space 31232K, 9% used [0x00000000e0200000,0x00000000e04e0fe0,0x00000000e2080000)
 Metaspace       used 11109K, capacity 11604K, committed 11776K, reserved 1058816K
  class space    used 1326K, capacity 1454K, committed 1536K, reserved 1048576K
Event: 6.734 GC heap after
Heap after GC invocations=12 (full 0):
 PSYoungGen      total 23040K, used 1627K [0x00000000f5600000, 0x00000000f6f00000, 0x0000000100000000)
  eden space 20480K, 0% used [0x00000000f5600000,0x00000000f5600000,0x00000000f6a00000)
  from space 2560K, 63% used [0x00000000f6c80000,0x00000000f6e16f28,0x00000000f6f00000)
  to   space 2560K, 0% used [0x00000000f6a00000,0x00000000f6a00000,0x00000000f6c80000)
 ParOldGen       total 31232K, used 3692K [0x00000000e0200000, 0x00000000e2080000, 0x00000000f5600000)
  object space 31232K, 11% used [0x00000000e0200000,0x00000000e059b228,0x00000000e2080000)
 Metaspace       used 11109K, capacity 11604K, committed 11776K, reserved 1058816K
  class space    used 1326K, capacity 1454K, committed 1536K, reserved 1048576K
}

